[Sat Aug 3 23:34:2024] [Parse RSS error] https://tumutanzi.com/feed: Attempt 1/3: Failed to detect feed type

[Sat Aug 3 23:34:2024] [Extract domain error] : invalid domain extracted from URL: 

[Sat Aug 3 23:34:2024] [Parse RSS error] https://tumutanzi.com/feed: Attempt 2/3: Failed to detect feed type

[Sat Aug 3 23:35:2024] [Parse RSS error] https://tumutanzi.com/feed: Attempt 3/3: Failed to detect feed type

[Sat Aug 3 23:35:2024] [Failed to parse RSS] https://tumutanzi.com/feed: Failed to detect feed type

[Sat Aug 3 23:44:2024] [Parse RSS error] https://tumutanzi.com/feed: Attempt 1/3: Failed to detect feed type

[Sat Aug 3 23:44:2024] [Extract domain error] : invalid domain extracted from URL: 

[Sat Aug 3 23:45:2024] [Get RSS error] https://stephenleng.com/cn/rss: Attempt 1/3: Get "https://stephenleng.com/cn/feed/rss2/": context deadline exceeded (Client.Timeout exceeded while awaiting headers)

[Sat Aug 3 23:45:2024] [Parse RSS error] https://tumutanzi.com/feed: Attempt 2/3: Failed to detect feed type

[Sat Aug 3 23:45:2024] [Parse RSS error] https://tumutanzi.com/feed: Attempt 3/3: Failed to detect feed type

[Sat Aug 3 23:46:2024] [Failed to parse RSS] https://tumutanzi.com/feed: Failed to detect feed type

[Sun Aug 4 00:11:2024] [Parse RSS error] https://tumutanzi.com/feed: Attempt 1/3: Failed to detect feed type

[Sun Aug 4 00:11:2024] [Extract domain error] : invalid domain extracted from URL: 

[Sun Aug 4 00:11:2024] [Parse RSS error] https://tumutanzi.com/feed: Attempt 2/3: Failed to detect feed type

[Sun Aug 4 00:12:2024] [Parse RSS error] https://tumutanzi.com/feed: Attempt 3/3: Failed to detect feed type

[Sun Aug 4 00:12:2024] [Failed to parse RSS] https://tumutanzi.com/feed: Failed to detect feed type

[Sun Aug 4 00:34:2024] [Parse RSS error] https://tumutanzi.com/feed: Attempt 1/3: Failed to detect feed type

[Sun Aug 4 00:34:2024] [Parse RSS error] https://tumutanzi.com/feed: Attempt 2/3: Failed to detect feed type

[Sun Aug 4 00:34:2024] [Parse RSS error] https://tumutanzi.com/feed: Attempt 3/3: Failed to detect feed type

[Sun Aug 4 00:34:2024] [Failed to parse RSS] https://tumutanzi.com/feed: Failed to detect feed type

[Sun Aug 4 00:35:2024] [Parse RSS error] https://tumutanzi.com/feed: Attempt 1/3: Failed to detect feed type

[Sun Aug 4 00:35:2024] [Parse RSS error] https://tumutanzi.com/feed: Attempt 2/3: Failed to detect feed type

[Sun Aug 4 00:35:2024] [Parse RSS error] https://tumutanzi.com/feed: Attempt 3/3: Failed to detect feed type

[Sun Aug 4 00:36:2024] [Failed to parse RSS] https://tumutanzi.com/feed: Failed to detect feed type

[Sun Aug 4 00:40:2024] [Parse RSS error] https://tumutanzi.com/feed: Attempt 1/3: Failed to detect feed type

[Sun Aug 4 00:40:2024] [Parse RSS error] https://tumutanzi.com/feed: Attempt 2/3: Failed to detect feed type

