[2025-03-01T20:05:21+08:00] 重试 1/3: 非200状态码: 406
[2025-03-01T20:05:21+08:00] 重试 1/3: 非200状态码: 406

[2025-03-01T20:05:31+08:00] 重试 2/3: 非200状态码: 406
[2025-03-01T20:05:32+08:00] 重试 2/3: 非200状态码: 406

[2025-03-01T20:05:41+08:00] 重试 3/3: 非200状态码: 406
[2025-03-01T20:05:42+08:00] 重试 3/3: 非200状态码: 406

[2025-03-01T20:05:53+08:00] 重试 1/3: 非200状态码: 406
[2025-03-01T20:05:53+08:00] 重试 1/3: 非200状态码: 406

[2025-03-01T20:06:03+08:00] 重试 2/3: 非200状态码: 406
[2025-03-01T20:06:03+08:00] 重试 2/3: 非200状态码: 406

[2025-03-01T20:06:13+08:00] 重试 3/3: 非200状态码: 406
[2025-03-01T20:06:13+08:00] 重试 3/3: 非200状态码: 406

[2025-03-01T20:09:53+08:00] 重试 1/3: 非200状态码: 406
[2025-03-01T20:09:53+08:00] 重试 1/3: 非200状态码: 406

[2025-03-01T20:10:03+08:00] 重试 2/3: 非200状态码: 406
[2025-03-01T20:10:03+08:00] 重试 2/3: 非200状态码: 406

[2025-03-01T20:10:13+08:00] 重试 3/3: 非200状态码: 406
[2025-03-01T20:10:13+08:00] 重试 3/3: 非200状态码: 406

[2025-03-01T20:10:24+08:00] 重试 1/3: 非200状态码: 406
[2025-03-01T20:10:25+08:00] 重试 1/3: 非200状态码: 406

[2025-03-01T20:10:34+08:00] 重试 2/3: 非200状态码: 406
[2025-03-01T20:10:35+08:00] 重试 2/3: 非200状态码: 406

[2025-03-01T20:10:44+08:00] 重试 3/3: 非200状态码: 406

[2025-03-01T20:10:45+08:00] 重试 3/3: 非200状态码: 406

[2025-03-01T20:36:26+08:00] 重试 1/3: 非200状态码: 406
[2025-03-01T20:36:27+08:00] 重试 1/3: 非200状态码: 406

[2025-03-01T20:36:36+08:00] 重试 2/3: 非200状态码: 406
[2025-03-01T20:36:37+08:00] 重试 2/3: 非200状态码: 406

[2025-03-01T20:36:46+08:00] 重试 3/3: 非200状态码: 406
[2025-03-01T20:36:47+08:00] 重试 3/3: 非200状态码: 406

[2025-03-01T20:36:59+08:00] 重试 1/3: 非200状态码: 406
[2025-03-01T20:36:59+08:00] 重试 1/3: 非200状态码: 406

[2025-03-01T20:37:09+08:00] 重试 2/3: 非200状态码: 406
[2025-03-01T20:37:09+08:00] 重试 2/3: 非200状态码: 406

[2025-03-01T20:37:19+08:00] 重试 3/3: 非200状态码: 406
[2025-03-01T20:37:19+08:00] 重试 3/3: 非200状态码: 406

[2025-03-02T02:13:35+08:00] 重试 1/3: 非200状态码: 406
[2025-03-02T02:13:36+08:00] 重试 1/3: 非200状态码: 406

[2025-03-02T02:13:45+08:00] 重试 2/3: 非200状态码: 406
[2025-03-02T02:13:46+08:00] 重试 2/3: 非200状态码: 406

[2025-03-02T02:13:55+08:00] 重试 3/3: 非200状态码: 406
[2025-03-02T02:13:56+08:00] 重试 3/3: 非200状态码: 406

[2025-03-02T02:14:07+08:00] 重试 1/3: 非200状态码: 406
[2025-03-02T02:14:07+08:00] 重试 1/3: 非200状态码: 406

[2025-03-02T02:14:17+08:00] 重试 2/3: 非200状态码: 406

[2025-03-02T02:14:18+08:00] 重试 2/3: 非200状态码: 406

[2025-03-02T02:14:27+08:00] 重试 3/3: 非200状态码: 406

[2025-03-02T02:14:28+08:00] 重试 3/3: 非200状态码: 406

[2025-03-02T08:56:22+08:00] 重试 1/3: 非200状态码: 406
[2025-03-02T08:56:23+08:00] 重试 1/3: 非200状态码: 406

[2025-03-02T08:56:32+08:00] 重试 2/3: 非200状态码: 406
[2025-03-02T08:56:33+08:00] 重试 2/3: 非200状态码: 406

[2025-03-02T08:56:42+08:00] 重试 3/3: 非200状态码: 406
[2025-03-02T08:56:43+08:00] 重试 3/3: 非200状态码: 406

[2025-03-02T08:56:54+08:00] 重试 1/3: 非200状态码: 406
[2025-03-02T08:56:54+08:00] 重试 1/3: 非200状态码: 406

[2025-03-02T08:57:04+08:00] 重试 2/3: 非200状态码: 406
[2025-03-02T08:57:04+08:00] 重试 2/3: 非200状态码: 406

[2025-03-02T08:57:14+08:00] 重试 3/3: 非200状态码: 406
[2025-03-02T08:57:15+08:00] 重试 3/3: 非200状态码: 406

[2025-03-02T14:14:46+08:00] 重试 1/3: 非200状态码: 406
[2025-03-02T14:14:47+08:00] 重试 1/3: 非200状态码: 406
[2025-03-02T14:14:47+08:00] 重试 1/3: 非200状态码: 403

[2025-03-02T14:14:56+08:00] 重试 2/3: 非200状态码: 406
[2025-03-02T14:14:57+08:00] 重试 2/3: 非200状态码: 403
[2025-03-02T14:14:57+08:00] 重试 2/3: 非200状态码: 406

[2025-03-02T14:15:00+08:00] 重试 1/3: HTTP请求失败: Get "https://blog.fooleap.org/atom.xml": context deadline exceeded (Client.Timeout exceeded while awaiting headers)

[2025-03-02T14:15:07+08:00] 重试 3/3: 非200状态码: 406
[2025-03-02T14:15:07+08:00] 重试 3/3: 非200状态码: 403
[2025-03-02T14:15:08+08:00] 重试 3/3: 非200状态码: 406

[2025-03-02T14:15:10+08:00] 重试 2/3: HTTP请求失败: Get "https://blog.fooleap.org/atom.xml": read tcp 10.1.0.30:43768->183.60.150.16:443: read: connection reset by peer

[2025-03-02T14:15:23+08:00] 重试 1/3: 非200状态码: 406
[2025-03-02T14:15:23+08:00] 重试 1/3: 非200状态码: 403
[2025-03-02T14:15:23+08:00] 重试 1/3: 非200状态码: 406

[2025-03-02T14:15:33+08:00] 重试 2/3: 非200状态码: 406
[2025-03-02T14:15:33+08:00] 重试 2/3: 非200状态码: 403
[2025-03-02T14:15:33+08:00] 重试 2/3: 非200状态码: 406

[2025-03-02T14:15:43+08:00] 重试 3/3: 非200状态码: 406
[2025-03-02T14:15:43+08:00] 重试 3/3: 非200状态码: 406

[2025-03-02T20:18:37+08:00] 重试 1/3: 非200状态码: 406
[2025-03-02T20:18:38+08:00] 重试 1/3: 非200状态码: 406
[2025-03-02T20:18:38+08:00] 重试 1/3: 非200状态码: 403

[2025-03-02T20:18:47+08:00] 重试 2/3: 非200状态码: 406
[2025-03-02T20:18:48+08:00] 重试 2/3: 非200状态码: 406
[2025-03-02T20:18:48+08:00] 重试 2/3: 非200状态码: 403

[2025-03-02T20:18:57+08:00] 重试 3/3: 非200状态码: 406
[2025-03-02T20:18:58+08:00] 重试 3/3: 非200状态码: 403
[2025-03-02T20:18:58+08:00] 重试 3/3: 非200状态码: 406

[2025-03-02T20:19:09+08:00] 重试 1/3: 非200状态码: 406
[2025-03-02T20:19:09+08:00] 重试 1/3: 非200状态码: 406
[2025-03-02T20:19:09+08:00] 重试 1/3: 非200状态码: 403

[2025-03-02T20:19:19+08:00] 重试 2/3: 非200状态码: 406
[2025-03-02T20:19:19+08:00] 重试 2/3: 非200状态码: 403
[2025-03-02T20:19:20+08:00] 重试 2/3: 非200状态码: 406

[2025-03-02T20:19:29+08:00] 重试 3/3: 非200状态码: 406
[2025-03-02T20:19:29+08:00] 重试 3/3: 非200状态码: 403
[2025-03-02T20:19:30+08:00] 重试 3/3: 非200状态码: 406

[2025-03-03T02:13:58+08:00] 重试 1/3: 非200状态码: 406
[2025-03-03T02:13:59+08:00] 重试 1/3: 非200状态码: 406

[2025-03-03T02:14:08+08:00] 重试 2/3: 非200状态码: 406
[2025-03-03T02:14:09+08:00] 重试 2/3: 非200状态码: 406

[2025-03-03T02:14:12+08:00] 重试 1/3: HTTP请求失败: Get "https://ihaihe.cn/feed": context deadline exceeded (Client.Timeout exceeded while awaiting headers)

[2025-03-03T02:14:18+08:00] 重试 3/3: 非200状态码: 406
[2025-03-03T02:14:19+08:00] 重试 3/3: 非200状态码: 406

[2025-03-03T02:14:37+08:00] 重试 2/3: HTTP请求失败: Get "https://ihaihe.cn/feed": context deadline exceeded (Client.Timeout exceeded while awaiting headers)

[2025-03-03T02:15:02+08:00] 重试 3/3: HTTP请求失败: Get "https://ihaihe.cn/feed": context deadline exceeded (Client.Timeout exceeded while awaiting headers)

[2025-03-03T02:15:14+08:00] 重试 1/3: 非200状态码: 406
[2025-03-03T02:15:15+08:00] 重试 1/3: 非200状态码: 403
[2025-03-03T02:15:15+08:00] 重试 1/3: 非200状态码: 406

[2025-03-03T02:15:24+08:00] 重试 2/3: 非200状态码: 406
[2025-03-03T02:15:25+08:00] 重试 2/3: 非200状态码: 403
[2025-03-03T02:15:25+08:00] 重试 2/3: 非200状态码: 406

[2025-03-03T02:15:28+08:00] 重试 1/3: HTTP请求失败: Get "https://ihaihe.cn/feed": context deadline exceeded (Client.Timeout exceeded while awaiting headers)

[2025-03-03T02:15:34+08:00] 重试 3/3: 非200状态码: 406
[2025-03-03T02:15:35+08:00] 重试 3/3: 非200状态码: 403
[2025-03-03T02:15:35+08:00] 重试 3/3: 非200状态码: 406

[2025-03-03T02:15:53+08:00] 重试 2/3: HTTP请求失败: Get "https://ihaihe.cn/feed": context deadline exceeded (Client.Timeout exceeded while awaiting headers)

[2025-03-03T02:16:18+08:00] 重试 3/3: HTTP请求失败: Get "https://ihaihe.cn/feed": context deadline exceeded (Client.Timeout exceeded while awaiting headers)

[2025-03-03T08:54:55+08:00] 重试 1/3: 非200状态码: 406
[2025-03-03T08:54:56+08:00] 重试 1/3: 非200状态码: 406
[2025-03-03T08:54:56+08:00] 重试 1/3: 非200状态码: 403

[2025-03-03T08:55:06+08:00] 重试 2/3: 非200状态码: 406
[2025-03-03T08:55:06+08:00] 重试 2/3: 非200状态码: 406
[2025-03-03T08:55:06+08:00] 重试 2/3: 非200状态码: 403

[2025-03-03T08:55:09+08:00] 重试 1/3: HTTP请求失败: Get "https://ihaihe.cn/feed": context deadline exceeded (Client.Timeout exceeded while awaiting headers)

[2025-03-03T08:55:16+08:00] 重试 3/3: 非200状态码: 406
[2025-03-03T08:55:16+08:00] 重试 3/3: 非200状态码: 403
[2025-03-03T08:55:17+08:00] 重试 3/3: 非200状态码: 406

[2025-03-03T08:55:34+08:00] 重试 2/3: HTTP请求失败: Get "https://ihaihe.cn/feed": context deadline exceeded (Client.Timeout exceeded while awaiting headers)

[2025-03-03T08:55:59+08:00] 重试 3/3: HTTP请求失败: Get "https://ihaihe.cn/feed": context deadline exceeded (Client.Timeout exceeded while awaiting headers)

[2025-03-03T08:56:11+08:00] 重试 1/3: 非200状态码: 406
[2025-03-03T08:56:12+08:00] 重试 1/3: 非200状态码: 406
[2025-03-03T08:56:12+08:00] 重试 1/3: 非200状态码: 403

[2025-03-03T08:56:21+08:00] 重试 2/3: 非200状态码: 406
[2025-03-03T08:56:22+08:00] 重试 2/3: 非200状态码: 406

[2025-03-03T08:56:25+08:00] 重试 1/3: HTTP请求失败: Get "https://ihaihe.cn/feed": context deadline exceeded (Client.Timeout exceeded while awaiting headers)

[2025-03-03T08:56:31+08:00] 重试 3/3: 非200状态码: 406
[2025-03-03T08:56:32+08:00] 重试 3/3: 非200状态码: 406

[2025-03-03T08:56:50+08:00] 重试 2/3: HTTP请求失败: Get "https://ihaihe.cn/feed": context deadline exceeded (Client.Timeout exceeded while awaiting headers)

[2025-03-03T08:57:15+08:00] 重试 3/3: HTTP请求失败: Get "https://ihaihe.cn/feed": context deadline exceeded (Client.Timeout exceeded while awaiting headers)

[2025-03-03T14:16:52+08:00] 重试 1/3: 非200状态码: 406
[2025-03-03T14:16:53+08:00] 重试 1/3: 非200状态码: 406
[2025-03-03T14:16:53+08:00] 重试 1/3: 非200状态码: 403

[2025-03-03T14:17:03+08:00] 重试 2/3: 非200状态码: 406
[2025-03-03T14:17:03+08:00] 重试 2/3: 非200状态码: 406
[2025-03-03T14:17:03+08:00] 重试 2/3: 非200状态码: 403

[2025-03-03T14:17:13+08:00] 重试 3/3: 非200状态码: 406
[2025-03-03T14:17:13+08:00] 重试 3/3: 非200状态码: 403
[2025-03-03T14:17:13+08:00] 重试 3/3: 非200状态码: 406

[2025-03-03T14:17:24+08:00] 重试 1/3: 非200状态码: 406

[2025-03-03T14:17:25+08:00] 重试 1/3: 非200状态码: 403
[2025-03-03T14:17:25+08:00] 重试 1/3: 非200状态码: 406

[2025-03-03T14:17:34+08:00] 重试 2/3: 非200状态码: 406

[2025-03-03T14:17:35+08:00] 重试 2/3: 非200状态码: 403
[2025-03-03T14:17:35+08:00] 重试 2/3: 非200状态码: 406

[2025-03-03T14:17:45+08:00] 重试 3/3: 非200状态码: 406

[2025-03-03T14:17:45+08:00] 重试 3/3: 非200状态码: 403
[2025-03-03T14:17:45+08:00] 重试 3/3: 非200状态码: 406

[2025-03-03T20:21:32+08:00] 重试 1/3: 非200状态码: 406
[2025-03-03T20:21:32+08:00] 重试 1/3: HTTP请求失败: Get "https://blog.yanqingshan.com/feed": tls: failed to verify certificate: x509: certificate is valid for *.cdn.myqcloud.com, *.2144.cn, *.2144.com, *.4399.com, *.5054399.com, *.58cdn.com.cn, *.danmu.com, *.dianping.com, *.dpfile.com, *.ffnews.cn, *.file.myqcloud.com, *.flash.2144.com, *.flash.cn, *.image.myqcloud.com, *.img4399.com, *.meituan.net, *.mykeeta.net, *.sogoucdn.com, *.uniqlo.cn, *.video.myqcloud.com, *.vip.cdngot.com, *.vod-qcloud.com, *.vod.myqcloud.com, *.vod2.myqcloud.com, *.wanyabox.com, *.zhongcheng818.com, *.zservey.net, cdn.myqcloud.com, nitrome.com.4399.com, www.miniclip.com.4399pk.com, xpdl999.aiwan4399.com, not blog.yanqingshan.com
[2025-03-03T20:21:33+08:00] 重试 1/3: 非200状态码: 406
[2025-03-03T20:21:33+08:00] 重试 1/3: 非200状态码: 403

[2025-03-03T20:21:42+08:00] 重试 2/3: 非200状态码: 406
[2025-03-03T20:21:43+08:00] 重试 2/3: HTTP请求失败: Get "https://blog.yanqingshan.com/feed": tls: failed to verify certificate: x509: certificate is valid for *.cdn.myqcloud.com, *.2144.cn, *.2144.com, *.4399.com, *.5054399.com, *.58cdn.com.cn, *.danmu.com, *.dianping.com, *.dpfile.com, *.ffnews.cn, *.file.myqcloud.com, *.flash.2144.com, *.flash.cn, *.image.myqcloud.com, *.img4399.com, *.meituan.net, *.mykeeta.net, *.sogoucdn.com, *.uniqlo.cn, *.video.myqcloud.com, *.vip.cdngot.com, *.vod-qcloud.com, *.vod.myqcloud.com, *.vod2.myqcloud.com, *.wanyabox.com, *.zhongcheng818.com, *.zservey.net, cdn.myqcloud.com, nitrome.com.4399.com, www.miniclip.com.4399pk.com, xpdl999.aiwan4399.com, not blog.yanqingshan.com
[2025-03-03T20:21:43+08:00] 重试 2/3: 非200状态码: 406
[2025-03-03T20:21:43+08:00] 重试 2/3: 非200状态码: 403

[2025-03-03T20:21:52+08:00] 重试 3/3: 非200状态码: 406
[2025-03-03T20:21:53+08:00] 重试 3/3: 非200状态码: 403
[2025-03-03T20:21:53+08:00] 重试 3/3: 非200状态码: 406
[2025-03-03T20:21:53+08:00] 重试 3/3: HTTP请求失败: Get "https://blog.yanqingshan.com/feed": tls: failed to verify certificate: x509: certificate is valid for *.cdn.myqcloud.com, *.2144.cn, *.2144.com, *.4399.com, *.5054399.com, *.58cdn.com.cn, *.danmu.com, *.dianping.com, *.dpfile.com, *.ffnews.cn, *.file.myqcloud.com, *.flash.2144.com, *.flash.cn, *.image.myqcloud.com, *.img4399.com, *.meituan.net, *.mykeeta.net, *.sogoucdn.com, *.uniqlo.cn, *.video.myqcloud.com, *.vip.cdngot.com, *.vod-qcloud.com, *.vod.myqcloud.com, *.vod2.myqcloud.com, *.wanyabox.com, *.zhongcheng818.com, *.zservey.net, cdn.myqcloud.com, nitrome.com.4399.com, www.miniclip.com.4399pk.com, xpdl999.aiwan4399.com, not blog.yanqingshan.com

[2025-03-03T20:22:04+08:00] 重试 1/3: 非200状态码: 406
[2025-03-03T20:22:04+08:00] 重试 1/3: HTTP请求失败: Get "https://blog.yanqingshan.com/feed": tls: failed to verify certificate: x509: certificate is valid for *.cdn.myqcloud.com, *.2144.cn, *.2144.com, *.4399.com, *.5054399.com, *.58cdn.com.cn, *.danmu.com, *.dianping.com, *.dpfile.com, *.ffnews.cn, *.file.myqcloud.com, *.flash.2144.com, *.flash.cn, *.image.myqcloud.com, *.img4399.com, *.meituan.net, *.mykeeta.net, *.sogoucdn.com, *.uniqlo.cn, *.video.myqcloud.com, *.vip.cdngot.com, *.vod-qcloud.com, *.vod.myqcloud.com, *.vod2.myqcloud.com, *.wanyabox.com, *.zhongcheng818.com, *.zservey.net, cdn.myqcloud.com, nitrome.com.4399.com, www.miniclip.com.4399pk.com, xpdl999.aiwan4399.com, not blog.yanqingshan.com
[2025-03-03T20:22:04+08:00] 重试 1/3: 非200状态码: 403
[2025-03-03T20:22:04+08:00] 重试 1/3: 非200状态码: 406

[2025-03-03T20:22:14+08:00] 重试 2/3: 非200状态码: 406
[2025-03-03T20:22:14+08:00] 重试 2/3: 非200状态码: 403
[2025-03-03T20:22:14+08:00] 重试 2/3: HTTP请求失败: Get "https://blog.yanqingshan.com/feed": tls: failed to verify certificate: x509: certificate is valid for *.cdn.myqcloud.com, *.2144.cn, *.2144.com, *.4399.com, *.5054399.com, *.58cdn.com.cn, *.danmu.com, *.dianping.com, *.dpfile.com, *.ffnews.cn, *.file.myqcloud.com, *.flash.2144.com, *.flash.cn, *.image.myqcloud.com, *.img4399.com, *.meituan.net, *.mykeeta.net, *.sogoucdn.com, *.uniqlo.cn, *.video.myqcloud.com, *.vip.cdngot.com, *.vod-qcloud.com, *.vod.myqcloud.com, *.vod2.myqcloud.com, *.wanyabox.com, *.zhongcheng818.com, *.zservey.net, cdn.myqcloud.com, nitrome.com.4399.com, www.miniclip.com.4399pk.com, xpdl999.aiwan4399.com, not blog.yanqingshan.com

[2025-03-03T20:22:15+08:00] 重试 2/3: 非200状态码: 406

[2025-03-03T20:22:24+08:00] 重试 3/3: 非200状态码: 406
[2025-03-03T20:22:24+08:00] 重试 3/3: 非200状态码: 403

[2025-03-03T20:22:25+08:00] 重试 3/3: 非200状态码: 406
[2025-03-03T20:22:25+08:00] 重试 3/3: HTTP请求失败: Get "https://blog.yanqingshan.com/feed": tls: failed to verify certificate: x509: certificate is valid for *.cdn.myqcloud.com, *.2144.cn, *.2144.com, *.4399.com, *.5054399.com, *.58cdn.com.cn, *.danmu.com, *.dianping.com, *.dpfile.com, *.ffnews.cn, *.file.myqcloud.com, *.flash.2144.com, *.flash.cn, *.image.myqcloud.com, *.img4399.com, *.meituan.net, *.mykeeta.net, *.sogoucdn.com, *.uniqlo.cn, *.video.myqcloud.com, *.vip.cdngot.com, *.vod-qcloud.com, *.vod.myqcloud.com, *.vod2.myqcloud.com, *.wanyabox.com, *.zhongcheng818.com, *.zservey.net, cdn.myqcloud.com, nitrome.com.4399.com, www.miniclip.com.4399pk.com, xpdl999.aiwan4399.com, not blog.yanqingshan.com

[2025-03-04T02:14:52+08:00] 重试 1/3: 非200状态码: 406
[2025-03-04T02:14:53+08:00] 重试 1/3: 非200状态码: 406

[2025-03-04T02:15:03+08:00] 重试 2/3: 非200状态码: 406
[2025-03-04T02:15:03+08:00] 重试 2/3: 非200状态码: 406

[2025-03-04T02:15:13+08:00] 重试 3/3: 非200状态码: 406
[2025-03-04T02:15:14+08:00] 重试 3/3: 非200状态码: 406

[2025-03-04T02:15:25+08:00] 重试 1/3: 非200状态码: 406
[2025-03-04T02:15:25+08:00] 重试 1/3: 非200状态码: 403
[2025-03-04T02:15:25+08:00] 重试 1/3: 非200状态码: 406

[2025-03-04T02:15:35+08:00] 重试 2/3: 非200状态码: 406
[2025-03-04T02:15:35+08:00] 重试 2/3: 非200状态码: 403
[2025-03-04T02:15:35+08:00] 重试 2/3: 非200状态码: 406

[2025-03-04T02:15:45+08:00] 重试 3/3: 非200状态码: 403
[2025-03-04T02:15:45+08:00] 重试 3/3: 非200状态码: 406
[2025-03-04T02:15:45+08:00] 重试 3/3: 非200状态码: 406

[2025-03-04T08:53:48+08:00] 重试 1/3: 非200状态码: 406
[2025-03-04T08:53:49+08:00] 重试 1/3: 非200状态码: 406
[2025-03-04T08:53:49+08:00] 重试 1/3: 非200状态码: 403

[2025-03-04T08:53:58+08:00] 重试 2/3: 非200状态码: 406
[2025-03-04T08:53:59+08:00] 重试 2/3: 非200状态码: 403
[2025-03-04T08:53:59+08:00] 重试 2/3: 非200状态码: 406

[2025-03-04T08:54:08+08:00] 重试 3/3: 非200状态码: 406
[2025-03-04T08:54:09+08:00] 重试 3/3: 非200状态码: 406
