[Fri Aug 2 18:34:2024] [Name mapping not found] Fooleap's Blog

[Fri Aug 2 18:34:2024] [Name mapping not found] 孔令贤的个人博客

[Fri Aug 2 18:34:2024] [Name mapping not found] 风雪之隅

[Fri Aug 2 18:34:2024] [Name mapping not found] 子夜松声

[Fri Aug 2 18:34:2024] [Name mapping not found] 张洪Heo

[Fri Aug 2 18:34:2024] [Name mapping not found] @1900'Blog

[Fri Aug 2 18:34:2024] [Name mapping not found] Kevin's

[Fri Aug 2 18:34:2024] [Name mapping not found] 三十里海河

[Fri Aug 2 18:34:2024] [Name mapping not found] 心的道理

[Fri Aug 2 18:34:2024] [Name mapping not found] 扯氮集

[Fri Aug 2 18:34:2024] [Name mapping not found] 白板报

[Fri Aug 2 18:34:2024] [Parse RSS error] https://tumutanzi.com/feed: Attempt 1/3: Failed to detect feed type

[Fri Aug 2 18:34:2024] [Parse RSS error] https://tumutanzi.com/feed: Attempt 2/3: Failed to detect feed type

[Fri Aug 2 18:34:2024] [Parse RSS error] https://tumutanzi.com/feed: Attempt 3/3: Failed to detect feed type

[Fri Aug 2 18:34:2024] [Failed to parse RSS] https://tumutanzi.com/feed: Failed to detect feed type

[Fri Aug 2 18:34:2024] [Name mapping not found] 核电站

[Fri Aug 2 18:34:2024] [Name mapping not found] Ouroboros

[Fri Aug 2 18:34:2024] [Name mapping not found] Limboy

[Fri Aug 2 18:34:2024] [Name mapping not found] 唐巧的博客

[Fri Aug 2 18:35:2024] [Name mapping not found]  Airing 的博客 

[Fri Aug 2 18:35:2024] [Name mapping not found] 落园

